This file contains any messages produced by compilers while
running configure, to aid debugging if configure makes a mistake.

It was created by matchbox-keyboard configure 0.2, which was
generated by GNU Autoconf 2.69.  Invocation command line was

  $ ./configure --enable-maintainer-mode

## --------- ##
## Platform. ##
## --------- ##

hostname = 86682b220751
uname -m = x86_64
uname -r = 5.4.0-58-generic
uname -s = Linux
uname -v = #64~18.04.1-Ubuntu SMP Wed Dec 9 17:11:11 UTC 2020

/usr/bin/uname -p = unknown
/bin/uname -X     = unknown

/bin/arch              = unknown
/usr/bin/arch -k       = unknown
/usr/convex/getsysinfo = unknown
/usr/bin/hostinfo      = unknown
/bin/machine           = unknown
/usr/bin/oslevel       = unknown
/bin/universe          = unknown

PATH: /Devlab/broot/output/host/usr/bin
PATH: /usr/local/sbin
PATH: /usr/local/bin
PATH: /usr/sbin
PATH: /usr/bin
PATH: /sbin
PATH: /bin
PATH: /home/jdev2/Devlab/tt/ci/ts38-ci/ci-run


## ----------- ##
## Core tests. ##
## ----------- ##

configure:2398: checking for a BSD-compatible install
configure:2466: result: /usr/bin/install -c
configure:2477: checking whether build environment is sane
configure:2532: result: yes
configure:2683: checking for a thread-safe mkdir -p
configure:2722: result: /bin/mkdir -p
configure:2729: checking for gawk
configure:2745: found /Devlab/broot/output/host/usr/bin/gawk
configure:2756: result: gawk
configure:2767: checking whether make sets $(MAKE)
configure:2789: result: yes
configure:2818: checking whether make supports nested variables
configure:2835: result: yes
configure:2977: checking for style of include used by make
configure:3005: result: GNU
configure:3076: checking for gcc
configure:3092: found /usr/bin/gcc
configure:3103: result: gcc
configure:3332: checking for C compiler version
configure:3341: gcc --version >&5
gcc (Ubuntu 4.8.4-2ubuntu1~14.04.4) 4.8.4
Copyright (C) 2013 Free Software Foundation, Inc.
This is free software; see the source for copying conditions.  There is NO
warranty; not even for MERCHANTABILITY or FITNESS FOR A PARTICULAR PURPOSE.

configure:3352: $? = 0
configure:3341: gcc -v >&5
Using built-in specs.
COLLECT_GCC=gcc
COLLECT_LTO_WRAPPER=/usr/lib/gcc/x86_64-linux-gnu/4.8/lto-wrapper
Target: x86_64-linux-gnu
Configured with: ../src/configure -v --with-pkgversion='Ubuntu 4.8.4-2ubuntu1~14.04.4' --with-bugurl=file:///usr/share/doc/gcc-4.8/README.Bugs --enable-languages=c,c++,java,go,d,fortran,objc,obj-c++ --prefix=/usr --program-suffix=-4.8 --enable-shared --enable-linker-build-id --libexecdir=/usr/lib --without-included-gettext --enable-threads=posix --with-gxx-include-dir=/usr/include/c++/4.8 --libdir=/usr/lib --enable-nls --with-sysroot=/ --enable-clocale=gnu --enable-libstdcxx-debug --enable-libstdcxx-time=yes --enable-gnu-unique-object --disable-libmudflap --enable-plugin --with-system-zlib --disable-browser-plugin --enable-java-awt=gtk --enable-gtk-cairo --with-java-home=/usr/lib/jvm/java-1.5.0-gcj-4.8-amd64/jre --enable-java-home --with-jvm-root-dir=/usr/lib/jvm/java-1.5.0-gcj-4.8-amd64 --with-jvm-jar-dir=/usr/lib/jvm-exports/java-1.5.0-gcj-4.8-amd64 --with-arch-directory=amd64 --with-ecj-jar=/usr/share/java/eclipse-ecj.jar --enable-objc-gc --enable-multiarch --disable-werror --with-arch-32=i686 --with-abi=m64 --with-multilib-list=m32,m64,mx32 --with-tune=generic --enable-checking=release --build=x86_64-linux-gnu --host=x86_64-linux-gnu --target=x86_64-linux-gnu
Thread model: posix
gcc version 4.8.4 (Ubuntu 4.8.4-2ubuntu1~14.04.4) 
configure:3352: $? = 0
configure:3341: gcc -V >&5
gcc: error: unrecognized command line option '-V'
gcc: fatal error: no input files
compilation terminated.
configure:3352: $? = 4
configure:3341: gcc -qversion >&5
gcc: error: unrecognized command line option '-qversion'
gcc: fatal error: no input files
compilation terminated.
configure:3352: $? = 4
configure:3372: checking whether the C compiler works
configure:3394: gcc    conftest.c  >&5
configure:3398: $? = 0
configure:3446: result: yes
configure:3449: checking for C compiler default output file name
configure:3451: result: a.out
configure:3457: checking for suffix of executables
configure:3464: gcc -o conftest    conftest.c  >&5
configure:3468: $? = 0
configure:3490: result: 
configure:3512: checking whether we are cross compiling
configure:3520: gcc -o conftest    conftest.c  >&5
configure:3524: $? = 0
configure:3531: ./conftest
configure:3535: $? = 0
configure:3550: result: no
configure:3555: checking for suffix of object files
configure:3577: gcc -c   conftest.c >&5
configure:3581: $? = 0
configure:3602: result: o
configure:3606: checking whether we are using the GNU C compiler
configure:3625: gcc -c   conftest.c >&5
configure:3625: $? = 0
configure:3634: result: yes
configure:3643: checking whether gcc accepts -g
configure:3663: gcc -c -g  conftest.c >&5
configure:3663: $? = 0
configure:3704: result: yes
configure:3721: checking for gcc option to accept ISO C89
configure:3784: gcc  -c -g -O2  conftest.c >&5
configure:3784: $? = 0
configure:3797: result: none needed
configure:3822: checking whether gcc understands -c and -o together
configure:3844: gcc -c conftest.c -o conftest2.o
configure:3847: $? = 0
configure:3844: gcc -c conftest.c -o conftest2.o
configure:3847: $? = 0
configure:3859: result: yes
configure:3878: checking dependency style of gcc
configure:3989: result: gcc3
configure:4010: checking how to run the C preprocessor
configure:4041: gcc -E  conftest.c
configure:4041: $? = 0
configure:4055: gcc -E  conftest.c
conftest.c:11:28: fatal error: ac_nonexistent.h: No such file or directory
 #include <ac_nonexistent.h>
                            ^
compilation terminated.
configure:4055: $? = 1
configure: failed program was:
| /* confdefs.h */
| #define PACKAGE_NAME "matchbox-keyboard"
| #define PACKAGE_TARNAME "matchbox-keyboard"
| #define PACKAGE_VERSION "0.2"
| #define PACKAGE_STRING "matchbox-keyboard 0.2"
| #define PACKAGE_BUGREPORT "tomas@sleepfive.com"
| #define PACKAGE_URL ""
| #define PACKAGE "matchbox-keyboard"
| #define VERSION "0.2"
| /* end confdefs.h.  */
| #include <ac_nonexistent.h>
configure:4080: result: gcc -E
configure:4100: gcc -E  conftest.c
configure:4100: $? = 0
configure:4114: gcc -E  conftest.c
conftest.c:11:28: fatal error: ac_nonexistent.h: No such file or directory
 #include <ac_nonexistent.h>
                            ^
compilation terminated.
configure:4114: $? = 1
configure: failed program was:
| /* confdefs.h */
| #define PACKAGE_NAME "matchbox-keyboard"
| #define PACKAGE_TARNAME "matchbox-keyboard"
| #define PACKAGE_VERSION "0.2"
| #define PACKAGE_STRING "matchbox-keyboard 0.2"
| #define PACKAGE_BUGREPORT "tomas@sleepfive.com"
| #define PACKAGE_URL ""
| #define PACKAGE "matchbox-keyboard"
| #define VERSION "0.2"
| /* end confdefs.h.  */
| #include <ac_nonexistent.h>
configure:4143: checking for grep that handles long lines and -e
configure:4201: result: /bin/grep
configure:4206: checking for egrep
configure:4268: result: /bin/grep -E
configure:4273: checking for ANSI C header files
configure:4293: gcc -c -g -O2  conftest.c >&5
configure:4293: $? = 0
configure:4366: gcc -o conftest -g -O2   conftest.c  >&5
configure:4366: $? = 0
configure:4366: ./conftest
configure:4366: $? = 0
configure:4377: result: yes
configure:4390: checking for sys/types.h
configure:4390: gcc -c -g -O2  conftest.c >&5
configure:4390: $? = 0
configure:4390: result: yes
configure:4390: checking for sys/stat.h
configure:4390: gcc -c -g -O2  conftest.c >&5
configure:4390: $? = 0
configure:4390: result: yes
configure:4390: checking for stdlib.h
configure:4390: gcc -c -g -O2  conftest.c >&5
configure:4390: $? = 0
configure:4390: result: yes
configure:4390: checking for string.h
configure:4390: gcc -c -g -O2  conftest.c >&5
configure:4390: $? = 0
configure:4390: result: yes
configure:4390: checking for memory.h
configure:4390: gcc -c -g -O2  conftest.c >&5
configure:4390: $? = 0
configure:4390: result: yes
configure:4390: checking for strings.h
configure:4390: gcc -c -g -O2  conftest.c >&5
configure:4390: $? = 0
configure:4390: result: yes
configure:4390: checking for inttypes.h
configure:4390: gcc -c -g -O2  conftest.c >&5
configure:4390: $? = 0
configure:4390: result: yes
configure:4390: checking for stdint.h
configure:4390: gcc -c -g -O2  conftest.c >&5
configure:4390: $? = 0
configure:4390: result: yes
configure:4390: checking for unistd.h
configure:4390: gcc -c -g -O2  conftest.c >&5
configure:4390: $? = 0
configure:4390: result: yes
configure:4403: checking minix/config.h usability
configure:4403: gcc -c -g -O2  conftest.c >&5
conftest.c:54:26: fatal error: minix/config.h: No such file or directory
 #include <minix/config.h>
                          ^
compilation terminated.
configure:4403: $? = 1
configure: failed program was:
| /* confdefs.h */
| #define PACKAGE_NAME "matchbox-keyboard"
| #define PACKAGE_TARNAME "matchbox-keyboard"
| #define PACKAGE_VERSION "0.2"
| #define PACKAGE_STRING "matchbox-keyboard 0.2"
| #define PACKAGE_BUGREPORT "tomas@sleepfive.com"
| #define PACKAGE_URL ""
| #define PACKAGE "matchbox-keyboard"
| #define VERSION "0.2"
| #define STDC_HEADERS 1
| #define HAVE_SYS_TYPES_H 1
| #define HAVE_SYS_STAT_H 1
| #define HAVE_STDLIB_H 1
| #define HAVE_STRING_H 1
| #define HAVE_MEMORY_H 1
| #define HAVE_STRINGS_H 1
| #define HAVE_INTTYPES_H 1
| #define HAVE_STDINT_H 1
| #define HAVE_UNISTD_H 1
| /* end confdefs.h.  */
| #include <stdio.h>
| #ifdef HAVE_SYS_TYPES_H
| # include <sys/types.h>
| #endif
| #ifdef HAVE_SYS_STAT_H
| # include <sys/stat.h>
| #endif
| #ifdef STDC_HEADERS
| # include <stdlib.h>
| # include <stddef.h>
| #else
| # ifdef HAVE_STDLIB_H
| #  include <stdlib.h>
| # endif
| #endif
| #ifdef HAVE_STRING_H
| # if !defined STDC_HEADERS && defined HAVE_MEMORY_H
| #  include <memory.h>
| # endif
| # include <string.h>
| #endif
| #ifdef HAVE_STRINGS_H
| # include <strings.h>
| #endif
| #ifdef HAVE_INTTYPES_H
| # include <inttypes.h>
| #endif
| #ifdef HAVE_STDINT_H
| # include <stdint.h>
| #endif
| #ifdef HAVE_UNISTD_H
| # include <unistd.h>
| #endif
| #include <minix/config.h>
configure:4403: result: no
configure:4403: checking minix/config.h presence
configure:4403: gcc -E  conftest.c
conftest.c:21:26: fatal error: minix/config.h: No such file or directory
 #include <minix/config.h>
                          ^
compilation terminated.
configure:4403: $? = 1
configure: failed program was:
| /* confdefs.h */
| #define PACKAGE_NAME "matchbox-keyboard"
| #define PACKAGE_TARNAME "matchbox-keyboard"
| #define PACKAGE_VERSION "0.2"
| #define PACKAGE_STRING "matchbox-keyboard 0.2"
| #define PACKAGE_BUGREPORT "tomas@sleepfive.com"
| #define PACKAGE_URL ""
| #define PACKAGE "matchbox-keyboard"
| #define VERSION "0.2"
| #define STDC_HEADERS 1
| #define HAVE_SYS_TYPES_H 1
| #define HAVE_SYS_STAT_H 1
| #define HAVE_STDLIB_H 1
| #define HAVE_STRING_H 1
| #define HAVE_MEMORY_H 1
| #define HAVE_STRINGS_H 1
| #define HAVE_INTTYPES_H 1
| #define HAVE_STDINT_H 1
| #define HAVE_UNISTD_H 1
| /* end confdefs.h.  */
| #include <minix/config.h>
configure:4403: result: no
configure:4403: checking for minix/config.h
configure:4403: result: no
configure:4424: checking whether it is safe to define __EXTENSIONS__
configure:4442: gcc -c -g -O2  conftest.c >&5
configure:4442: $? = 0
configure:4449: result: yes
configure:4524: checking build system type
configure:4538: result: x86_64-pc-linux-gnu
configure:4558: checking host system type
configure:4571: result: x86_64-pc-linux-gnu
configure:4612: checking how to print strings
configure:4639: result: printf
configure:4660: checking for a sed that does not truncate output
configure:4724: result: /bin/sed
configure:4742: checking for fgrep
configure:4804: result: /bin/grep -F
configure:4839: checking for ld used by gcc
configure:4906: result: /usr/bin/ld
configure:4913: checking if the linker (/usr/bin/ld) is GNU ld
configure:4928: result: yes
configure:4940: checking for BSD- or MS-compatible name lister (nm)
configure:4994: result: /usr/bin/nm -B
configure:5124: checking the name lister (/usr/bin/nm -B) interface
configure:5131: gcc -c -g -O2  conftest.c >&5
configure:5134: /usr/bin/nm -B "conftest.o"
configure:5137: output
0000000000000000 B some_variable
configure:5144: result: BSD nm
configure:5147: checking whether ln -s works
configure:5151: result: yes
configure:5159: checking the maximum length of command line arguments
configure:5290: result: 1572864
configure:5338: checking how to convert x86_64-pc-linux-gnu file names to x86_64-pc-linux-gnu format
configure:5378: result: func_convert_file_noop
configure:5385: checking how to convert x86_64-pc-linux-gnu file names to toolchain format
configure:5405: result: func_convert_file_noop
configure:5412: checking for /usr/bin/ld option to reload object files
configure:5419: result: -r
configure:5493: checking for objdump
configure:5509: found /usr/bin/objdump
configure:5520: result: objdump
configure:5552: checking how to recognize dependent libraries
configure:5752: result: pass_all
configure:5837: checking for dlltool
configure:5867: result: no
configure:5897: checking how to associate runtime and link libraries
configure:5924: result: printf %s\n
configure:5984: checking for ar
configure:6000: found /usr/bin/ar
configure:6011: result: ar
configure:6048: checking for archiver @FILE support
configure:6065: gcc -c -g -O2  conftest.c >&5
configure:6065: $? = 0
configure:6068: ar cru libconftest.a @conftest.lst >&5
configure:6071: $? = 0
configure:6076: ar cru libconftest.a @conftest.lst >&5
ar: conftest.o: No such file or directory
configure:6079: $? = 1
configure:6091: result: @
configure:6149: checking for strip
configure:6165: found /usr/bin/strip
configure:6176: result: strip
configure:6248: checking for ranlib
configure:6264: found /usr/bin/ranlib
configure:6275: result: ranlib
configure:6377: checking command to parse /usr/bin/nm -B output from gcc object
configure:6530: gcc -c -g -O2  conftest.c >&5
configure:6533: $? = 0
configure:6537: /usr/bin/nm -B conftest.o \| sed -n -e 's/^.*[ ]\([ABCDGIRSTW][ABCDGIRSTW]*\)[ ][ ]*\([_A-Za-z][_A-Za-z0-9]*\)$/\1 \2 \2/p' | sed '/ __gnu_lto/d' \> conftest.nm
configure:6540: $? = 0
configure:6606: gcc -o conftest -g -O2   conftest.c conftstm.o >&5
configure:6609: $? = 0
configure:6647: result: ok
configure:6694: checking for sysroot
configure:6724: result: no
configure:6731: checking for a working dd
configure:6769: result: /bin/dd
configure:6773: checking how to truncate binary pipes
configure:6788: result: /bin/dd bs=4096 count=1
configure:6924: gcc -c -g -O2  conftest.c >&5
configure:6927: $? = 0
configure:7117: checking for mt
configure:7133: found /bin/mt
configure:7144: result: mt
configure:7167: checking if mt is a manifest tool
configure:7173: mt '-?'
configure:7181: result: no
configure:7855: checking for dlfcn.h
configure:7855: gcc -c -g -O2  conftest.c >&5
configure:7855: $? = 0
configure:7855: result: yes
configure:8081: checking for objdir
configure:8096: result: .libs
configure:8356: checking if gcc supports -fno-rtti -fno-exceptions
configure:8374: gcc -c -g -O2  -fno-rtti -fno-exceptions conftest.c >&5
cc1: warning: command line option '-fno-rtti' is valid for C++/ObjC++ but not for C [enabled by default]
configure:8378: $? = 0
configure:8391: result: no
configure:8749: checking for gcc option to produce PIC
configure:8756: result: -fPIC -DPIC
configure:8764: checking if gcc PIC flag -fPIC -DPIC works
configure:8782: gcc -c -g -O2  -fPIC -DPIC -DPIC conftest.c >&5
configure:8786: $? = 0
configure:8799: result: yes
configure:8828: checking if gcc static flag -static works
configure:8856: result: yes
configure:8871: checking if gcc supports -c -o file.o
configure:8892: gcc -c -g -O2  -o out/conftest2.o conftest.c >&5
configure:8896: $? = 0
configure:8918: result: yes
configure:8926: checking if gcc supports -c -o file.o
configure:8973: result: yes
configure:9006: checking whether the gcc linker (/usr/bin/ld -m elf_x86_64) supports shared libraries
configure:10265: result: yes
configure:10302: checking whether -lc should be explicitly linked in
configure:10310: gcc -c -g -O2  conftest.c >&5
configure:10313: $? = 0
configure:10328: gcc -shared  -fPIC -DPIC conftest.o  -v -Wl,-soname -Wl,conftest -o conftest 2\>\&1 \| /bin/grep  -lc  \>/dev/null 2\>\&1
configure:10331: $? = 0
configure:10345: result: no
configure:10505: checking dynamic linker characteristics
configure:11086: gcc -o conftest -g -O2   -Wl,-rpath -Wl,/foo conftest.c  >&5
configure:11086: $? = 0
configure:11323: result: GNU/Linux ld.so
configure:11445: checking how to hardcode library paths into programs
configure:11470: result: immediate
configure:12018: checking whether stripping libraries is possible
configure:12023: result: yes
configure:12058: checking if libtool supports shared libraries
configure:12060: result: yes
configure:12063: checking whether to build shared libraries
configure:12088: result: yes
configure:12091: checking whether to build static libraries
configure:12095: result: no
configure:12180: checking for gcc
configure:12207: result: gcc
configure:12436: checking for C compiler version
configure:12445: gcc --version >&5
gcc (Ubuntu 4.8.4-2ubuntu1~14.04.4) 4.8.4
Copyright (C) 2013 Free Software Foundation, Inc.
This is free software; see the source for copying conditions.  There is NO
warranty; not even for MERCHANTABILITY or FITNESS FOR A PARTICULAR PURPOSE.

configure:12456: $? = 0
configure:12445: gcc -v >&5
Using built-in specs.
COLLECT_GCC=gcc
COLLECT_LTO_WRAPPER=/usr/lib/gcc/x86_64-linux-gnu/4.8/lto-wrapper
Target: x86_64-linux-gnu
Configured with: ../src/configure -v --with-pkgversion='Ubuntu 4.8.4-2ubuntu1~14.04.4' --with-bugurl=file:///usr/share/doc/gcc-4.8/README.Bugs --enable-languages=c,c++,java,go,d,fortran,objc,obj-c++ --prefix=/usr --program-suffix=-4.8 --enable-shared --enable-linker-build-id --libexecdir=/usr/lib --without-included-gettext --enable-threads=posix --with-gxx-include-dir=/usr/include/c++/4.8 --libdir=/usr/lib --enable-nls --with-sysroot=/ --enable-clocale=gnu --enable-libstdcxx-debug --enable-libstdcxx-time=yes --enable-gnu-unique-object --disable-libmudflap --enable-plugin --with-system-zlib --disable-browser-plugin --enable-java-awt=gtk --enable-gtk-cairo --with-java-home=/usr/lib/jvm/java-1.5.0-gcj-4.8-amd64/jre --enable-java-home --with-jvm-root-dir=/usr/lib/jvm/java-1.5.0-gcj-4.8-amd64 --with-jvm-jar-dir=/usr/lib/jvm-exports/java-1.5.0-gcj-4.8-amd64 --with-arch-directory=amd64 --with-ecj-jar=/usr/share/java/eclipse-ecj.jar --enable-objc-gc --enable-multiarch --disable-werror --with-arch-32=i686 --with-abi=m64 --with-multilib-list=m32,m64,mx32 --with-tune=generic --enable-checking=release --build=x86_64-linux-gnu --host=x86_64-linux-gnu --target=x86_64-linux-gnu
Thread model: posix
gcc version 4.8.4 (Ubuntu 4.8.4-2ubuntu1~14.04.4) 
configure:12456: $? = 0
configure:12445: gcc -V >&5
gcc: error: unrecognized command line option '-V'
gcc: fatal error: no input files
compilation terminated.
configure:12456: $? = 4
configure:12445: gcc -qversion >&5
gcc: error: unrecognized command line option '-qversion'
gcc: fatal error: no input files
compilation terminated.
configure:12456: $? = 4
configure:12460: checking whether we are using the GNU C compiler
configure:12488: result: yes
configure:12497: checking whether gcc accepts -g
configure:12558: result: yes
configure:12575: checking for gcc option to accept ISO C89
configure:12651: result: none needed
configure:12676: checking whether gcc understands -c and -o together
configure:12713: result: yes
configure:12732: checking dependency style of gcc
configure:12843: result: gcc3
configure:12861: checking for dirent.h that defines DIR
configure:12880: gcc -c -g -O2  conftest.c >&5
configure:12880: $? = 0
configure:12888: result: yes
configure:12901: checking for library containing opendir
configure:12932: gcc -o conftest -g -O2   conftest.c  >&5
configure:12932: $? = 0
configure:12949: result: none required
configure:13016: checking for ANSI C header files
configure:13120: result: yes
configure:13131: checking for an ANSI C-conforming const
configure:13197: gcc -c -g -O2  conftest.c >&5
configure:13197: $? = 0
configure:13204: result: yes
configure:13212: checking for pid_t
configure:13212: gcc -c -g -O2  conftest.c >&5
configure:13212: $? = 0
configure:13212: gcc -c -g -O2  conftest.c >&5
conftest.c: In function 'main':
conftest.c:66:20: error: expected expression before ')' token
 if (sizeof ((pid_t)))
                    ^
configure:13212: $? = 1
configure: failed program was:
| /* confdefs.h */
| #define PACKAGE_NAME "matchbox-keyboard"
| #define PACKAGE_TARNAME "matchbox-keyboard"
| #define PACKAGE_VERSION "0.2"
| #define PACKAGE_STRING "matchbox-keyboard 0.2"
| #define PACKAGE_BUGREPORT "tomas@sleepfive.com"
| #define PACKAGE_URL ""
| #define PACKAGE "matchbox-keyboard"
| #define VERSION "0.2"
| #define STDC_HEADERS 1
| #define HAVE_SYS_TYPES_H 1
| #define HAVE_SYS_STAT_H 1
| #define HAVE_STDLIB_H 1
| #define HAVE_STRING_H 1
| #define HAVE_MEMORY_H 1
| #define HAVE_STRINGS_H 1
| #define HAVE_INTTYPES_H 1
| #define HAVE_STDINT_H 1
| #define HAVE_UNISTD_H 1
| #define __EXTENSIONS__ 1
| #define _ALL_SOURCE 1
| #define _GNU_SOURCE 1
| #define _POSIX_PTHREAD_SEMANTICS 1
| #define _TANDEM_SOURCE 1
| #define HAVE_DLFCN_H 1
| #define LT_OBJDIR ".libs/"
| #define HAVE_DIRENT_H 1
| #define STDC_HEADERS 1
| /* end confdefs.h.  */
| #include <stdio.h>
| #ifdef HAVE_SYS_TYPES_H
| # include <sys/types.h>
| #endif
| #ifdef HAVE_SYS_STAT_H
| # include <sys/stat.h>
| #endif
| #ifdef STDC_HEADERS
| # include <stdlib.h>
| # include <stddef.h>
| #else
| # ifdef HAVE_STDLIB_H
| #  include <stdlib.h>
| # endif
| #endif
| #ifdef HAVE_STRING_H
| # if !defined STDC_HEADERS && defined HAVE_MEMORY_H
| #  include <memory.h>
| # endif
| # include <string.h>
| #endif
| #ifdef HAVE_STRINGS_H
| # include <strings.h>
| #endif
| #ifdef HAVE_INTTYPES_H
| # include <inttypes.h>
| #endif
| #ifdef HAVE_STDINT_H
| # include <stdint.h>
| #endif
| #ifdef HAVE_UNISTD_H
| # include <unistd.h>
| #endif
| int
| main ()
| {
| if (sizeof ((pid_t)))
| 	    return 0;
|   ;
|   return 0;
| }
configure:13212: result: yes
configure:13223: checking whether time.h and sys/time.h may both be included
configure:13243: gcc -c -g -O2  conftest.c >&5
configure:13243: $? = 0
configure:13250: result: yes
configure:13260: checking for size_t
configure:13260: gcc -c -g -O2  conftest.c >&5
configure:13260: $? = 0
configure:13260: gcc -c -g -O2  conftest.c >&5
conftest.c: In function 'main':
conftest.c:67:21: error: expected expression before ')' token
 if (sizeof ((size_t)))
                     ^
configure:13260: $? = 1
configure: failed program was:
| /* confdefs.h */
| #define PACKAGE_NAME "matchbox-keyboard"
| #define PACKAGE_TARNAME "matchbox-keyboard"
| #define PACKAGE_VERSION "0.2"
| #define PACKAGE_STRING "matchbox-keyboard 0.2"
| #define PACKAGE_BUGREPORT "tomas@sleepfive.com"
| #define PACKAGE_URL ""
| #define PACKAGE "matchbox-keyboard"
| #define VERSION "0.2"
| #define STDC_HEADERS 1
| #define HAVE_SYS_TYPES_H 1
| #define HAVE_SYS_STAT_H 1
| #define HAVE_STDLIB_H 1
| #define HAVE_STRING_H 1
| #define HAVE_MEMORY_H 1
| #define HAVE_STRINGS_H 1
| #define HAVE_INTTYPES_H 1
| #define HAVE_STDINT_H 1
| #define HAVE_UNISTD_H 1
| #define __EXTENSIONS__ 1
| #define _ALL_SOURCE 1
| #define _GNU_SOURCE 1
| #define _POSIX_PTHREAD_SEMANTICS 1
| #define _TANDEM_SOURCE 1
| #define HAVE_DLFCN_H 1
| #define LT_OBJDIR ".libs/"
| #define HAVE_DIRENT_H 1
| #define STDC_HEADERS 1
| #define TIME_WITH_SYS_TIME 1
| /* end confdefs.h.  */
| #include <stdio.h>
| #ifdef HAVE_SYS_TYPES_H
| # include <sys/types.h>
| #endif
| #ifdef HAVE_SYS_STAT_H
| # include <sys/stat.h>
| #endif
| #ifdef STDC_HEADERS
| # include <stdlib.h>
| # include <stddef.h>
| #else
| # ifdef HAVE_STDLIB_H
| #  include <stdlib.h>
| # endif
| #endif
| #ifdef HAVE_STRING_H
| # if !defined STDC_HEADERS && defined HAVE_MEMORY_H
| #  include <memory.h>
| # endif
| # include <string.h>
| #endif
| #ifdef HAVE_STRINGS_H
| # include <strings.h>
| #endif
| #ifdef HAVE_INTTYPES_H
| # include <inttypes.h>
| #endif
| #ifdef HAVE_STDINT_H
| # include <stdint.h>
| #endif
| #ifdef HAVE_UNISTD_H
| # include <unistd.h>
| #endif
| int
| main ()
| {
| if (sizeof ((size_t)))
| 	    return 0;
|   ;
|   return 0;
| }
configure:13260: result: yes
configure:13273: checking for working alloca.h
configure:13290: gcc -o conftest -g -O2   conftest.c  >&5
configure:13290: $? = 0
configure:13298: result: yes
configure:13306: checking for alloca
configure:13343: gcc -o conftest -g -O2   conftest.c  >&5
configure:13343: $? = 0
configure:13351: result: yes
configure:13457: checking whether closedir returns void
configure:13481: gcc -o conftest -g -O2   conftest.c  >&5
configure:13481: $? = 0
configure:13481: ./conftest
configure:13481: $? = 0
configure:13491: result: no
configure:13501: checking vfork.h usability
configure:13501: gcc -c -g -O2  conftest.c >&5
conftest.c:66:19: fatal error: vfork.h: No such file or directory
 #include <vfork.h>
                   ^
compilation terminated.
configure:13501: $? = 1
configure: failed program was:
| /* confdefs.h */
| #define PACKAGE_NAME "matchbox-keyboard"
| #define PACKAGE_TARNAME "matchbox-keyboard"
| #define PACKAGE_VERSION "0.2"
| #define PACKAGE_STRING "matchbox-keyboard 0.2"
| #define PACKAGE_BUGREPORT "tomas@sleepfive.com"
| #define PACKAGE_URL ""
| #define PACKAGE "matchbox-keyboard"
| #define VERSION "0.2"
| #define STDC_HEADERS 1
| #define HAVE_SYS_TYPES_H 1
| #define HAVE_SYS_STAT_H 1
| #define HAVE_STDLIB_H 1
| #define HAVE_STRING_H 1
| #define HAVE_MEMORY_H 1
| #define HAVE_STRINGS_H 1
| #define HAVE_INTTYPES_H 1
| #define HAVE_STDINT_H 1
| #define HAVE_UNISTD_H 1
| #define __EXTENSIONS__ 1
| #define _ALL_SOURCE 1
| #define _GNU_SOURCE 1
| #define _POSIX_PTHREAD_SEMANTICS 1
| #define _TANDEM_SOURCE 1
| #define HAVE_DLFCN_H 1
| #define LT_OBJDIR ".libs/"
| #define HAVE_DIRENT_H 1
| #define STDC_HEADERS 1
| #define TIME_WITH_SYS_TIME 1
| #define HAVE_ALLOCA_H 1
| #define HAVE_ALLOCA 1
| /* end confdefs.h.  */
| #include <stdio.h>
| #ifdef HAVE_SYS_TYPES_H
| # include <sys/types.h>
| #endif
| #ifdef HAVE_SYS_STAT_H
| # include <sys/stat.h>
| #endif
| #ifdef STDC_HEADERS
| # include <stdlib.h>
| # include <stddef.h>
| #else
| # ifdef HAVE_STDLIB_H
| #  include <stdlib.h>
| # endif
| #endif
| #ifdef HAVE_STRING_H
| # if !defined STDC_HEADERS && defined HAVE_MEMORY_H
| #  include <memory.h>
| # endif
| # include <string.h>
| #endif
| #ifdef HAVE_STRINGS_H
| # include <strings.h>
| #endif
| #ifdef HAVE_INTTYPES_H
| # include <inttypes.h>
| #endif
| #ifdef HAVE_STDINT_H
| # include <stdint.h>
| #endif
| #ifdef HAVE_UNISTD_H
| # include <unistd.h>
| #endif
| #include <vfork.h>
configure:13501: result: no
configure:13501: checking vfork.h presence
configure:13501: gcc -E  conftest.c
conftest.c:33:19: fatal error: vfork.h: No such file or directory
 #include <vfork.h>
                   ^
compilation terminated.
configure:13501: $? = 1
configure: failed program was:
| /* confdefs.h */
| #define PACKAGE_NAME "matchbox-keyboard"
| #define PACKAGE_TARNAME "matchbox-keyboard"
| #define PACKAGE_VERSION "0.2"
| #define PACKAGE_STRING "matchbox-keyboard 0.2"
| #define PACKAGE_BUGREPORT "tomas@sleepfive.com"
| #define PACKAGE_URL ""
| #define PACKAGE "matchbox-keyboard"
| #define VERSION "0.2"
| #define STDC_HEADERS 1
| #define HAVE_SYS_TYPES_H 1
| #define HAVE_SYS_STAT_H 1
| #define HAVE_STDLIB_H 1
| #define HAVE_STRING_H 1
| #define HAVE_MEMORY_H 1
| #define HAVE_STRINGS_H 1
| #define HAVE_INTTYPES_H 1
| #define HAVE_STDINT_H 1
| #define HAVE_UNISTD_H 1
| #define __EXTENSIONS__ 1
| #define _ALL_SOURCE 1
| #define _GNU_SOURCE 1
| #define _POSIX_PTHREAD_SEMANTICS 1
| #define _TANDEM_SOURCE 1
| #define HAVE_DLFCN_H 1
| #define LT_OBJDIR ".libs/"
| #define HAVE_DIRENT_H 1
| #define STDC_HEADERS 1
| #define TIME_WITH_SYS_TIME 1
| #define HAVE_ALLOCA_H 1
| #define HAVE_ALLOCA 1
| /* end confdefs.h.  */
| #include <vfork.h>
configure:13501: result: no
configure:13501: checking for vfork.h
configure:13501: result: no
configure:13514: checking for fork
configure:13514: gcc -o conftest -g -O2   conftest.c  >&5
conftest.c:56:6: warning: conflicting types for built-in function 'fork' [enabled by default]
 char fork ();
      ^
configure:13514: $? = 0
configure:13514: result: yes
configure:13514: checking for vfork
configure:13514: gcc -o conftest -g -O2   conftest.c  >&5
configure:13514: $? = 0
configure:13514: result: yes
configure:13524: checking for working fork
configure:13546: gcc -o conftest -g -O2   conftest.c  >&5
configure:13546: $? = 0
configure:13546: ./conftest
configure:13546: $? = 0
configure:13556: result: yes
configure:13577: checking for working vfork
configure:13687: result: yes
configure:13715: checking sys/select.h usability
configure:13715: gcc -c -g -O2  conftest.c >&5
configure:13715: $? = 0
configure:13715: result: yes
configure:13715: checking sys/select.h presence
configure:13715: gcc -E  conftest.c
configure:13715: $? = 0
configure:13715: result: yes
configure:13715: checking for sys/select.h
configure:13715: result: yes
configure:13715: checking sys/socket.h usability
configure:13715: gcc -c -g -O2  conftest.c >&5
configure:13715: $? = 0
configure:13715: result: yes
configure:13715: checking sys/socket.h presence
configure:13715: gcc -E  conftest.c
configure:13715: $? = 0
configure:13715: result: yes
configure:13715: checking for sys/socket.h
configure:13715: result: yes
configure:13725: checking types of arguments for select
configure:13753: gcc -c -g -O2  conftest.c >&5
configure:13753: $? = 0
configure:13764: result: int,fd_set *,struct timeval *
configure:13787: checking return type of signal handlers
configure:13805: gcc -c -g -O2  conftest.c >&5
conftest.c: In function 'main':
conftest.c:48:1: error: void value not ignored as it ought to be
 return *(signal (0, 0)) (0) == 1;
 ^
configure:13805: $? = 1
configure: failed program was:
| /* confdefs.h */
| #define PACKAGE_NAME "matchbox-keyboard"
| #define PACKAGE_TARNAME "matchbox-keyboard"
| #define PACKAGE_VERSION "0.2"
| #define PACKAGE_STRING "matchbox-keyboard 0.2"
| #define PACKAGE_BUGREPORT "tomas@sleepfive.com"
| #define PACKAGE_URL ""
| #define PACKAGE "matchbox-keyboard"
| #define VERSION "0.2"
| #define STDC_HEADERS 1
| #define HAVE_SYS_TYPES_H 1
| #define HAVE_SYS_STAT_H 1
| #define HAVE_STDLIB_H 1
| #define HAVE_STRING_H 1
| #define HAVE_MEMORY_H 1
| #define HAVE_STRINGS_H 1
| #define HAVE_INTTYPES_H 1
| #define HAVE_STDINT_H 1
| #define HAVE_UNISTD_H 1
| #define __EXTENSIONS__ 1
| #define _ALL_SOURCE 1
| #define _GNU_SOURCE 1
| #define _POSIX_PTHREAD_SEMANTICS 1
| #define _TANDEM_SOURCE 1
| #define HAVE_DLFCN_H 1
| #define LT_OBJDIR ".libs/"
| #define HAVE_DIRENT_H 1
| #define STDC_HEADERS 1
| #define TIME_WITH_SYS_TIME 1
| #define HAVE_ALLOCA_H 1
| #define HAVE_ALLOCA 1
| #define HAVE_FORK 1
| #define HAVE_VFORK 1
| #define HAVE_WORKING_VFORK 1
| #define HAVE_WORKING_FORK 1
| #define HAVE_SYS_SELECT_H 1
| #define HAVE_SYS_SOCKET_H 1
| #define SELECT_TYPE_ARG1 int
| #define SELECT_TYPE_ARG234 (fd_set *)
| #define SELECT_TYPE_ARG5 (struct timeval *)
| /* end confdefs.h.  */
| #include <sys/types.h>
| #include <signal.h>
| 
| int
| main ()
| {
| return *(signal (0, 0)) (0) == 1;
|   ;
|   return 0;
| }
configure:13812: result: void
configure:13820: checking whether lstat correctly handles trailing slash
configure:13846: gcc -o conftest -g -O2   conftest.c  >&5
configure:13846: $? = 0
configure:13846: ./conftest
configure:13846: $? = 0
configure:13863: result: yes
configure:13882: checking whether stat accepts an empty string
configure:13902: gcc -o conftest -g -O2   conftest.c  >&5
configure:13902: $? = 0
configure:13902: ./conftest
configure:13902: $? = 0
configure:13912: result: no
configure:14093: checking for pkg-config
configure:14111: found /Devlab/broot/output/host/usr/bin/pkg-config
configure:14123: result: /Devlab/broot/output/host/usr/bin/pkg-config
configure:14148: checking pkg-config is at least version 0.9.0
configure:14151: result: yes
configure:14161: checking for FAKEKEY
configure:14168: $PKG_CONFIG --exists --print-errors "libfakekey"
configure:14171: $? = 0
configure:14185: $PKG_CONFIG --exists --print-errors "libfakekey"
configure:14188: $? = 0
configure:14226: result: yes
configure:14329: checking for XFT
configure:14336: $PKG_CONFIG --exists --print-errors "xft xrender"
configure:14339: $? = 0
configure:14353: $PKG_CONFIG --exists --print-errors "xft xrender"
configure:14356: $? = 0
configure:14394: result: yes
configure:14639: checking expat.h usability
configure:14639: gcc -c -g -O2   conftest.c >&5
conftest.c:77:19: fatal error: expat.h: No such file or directory
 #include <expat.h>
                   ^
compilation terminated.
configure:14639: $? = 1
configure: failed program was:
| /* confdefs.h */
| #define PACKAGE_NAME "matchbox-keyboard"
| #define PACKAGE_TARNAME "matchbox-keyboard"
| #define PACKAGE_VERSION "0.2"
| #define PACKAGE_STRING "matchbox-keyboard 0.2"
| #define PACKAGE_BUGREPORT "tomas@sleepfive.com"
| #define PACKAGE_URL ""
| #define PACKAGE "matchbox-keyboard"
| #define VERSION "0.2"
| #define STDC_HEADERS 1
| #define HAVE_SYS_TYPES_H 1
| #define HAVE_SYS_STAT_H 1
| #define HAVE_STDLIB_H 1
| #define HAVE_STRING_H 1
| #define HAVE_MEMORY_H 1
| #define HAVE_STRINGS_H 1
| #define HAVE_INTTYPES_H 1
| #define HAVE_STDINT_H 1
| #define HAVE_UNISTD_H 1
| #define __EXTENSIONS__ 1
| #define _ALL_SOURCE 1
| #define _GNU_SOURCE 1
| #define _POSIX_PTHREAD_SEMANTICS 1
| #define _TANDEM_SOURCE 1
| #define HAVE_DLFCN_H 1
| #define LT_OBJDIR ".libs/"
| #define HAVE_DIRENT_H 1
| #define STDC_HEADERS 1
| #define TIME_WITH_SYS_TIME 1
| #define HAVE_ALLOCA_H 1
| #define HAVE_ALLOCA 1
| #define HAVE_FORK 1
| #define HAVE_VFORK 1
| #define HAVE_WORKING_VFORK 1
| #define HAVE_WORKING_FORK 1
| #define HAVE_SYS_SELECT_H 1
| #define HAVE_SYS_SOCKET_H 1
| #define SELECT_TYPE_ARG1 int
| #define SELECT_TYPE_ARG234 (fd_set *)
| #define SELECT_TYPE_ARG5 (struct timeval *)
| #define RETSIGTYPE void
| #define LSTAT_FOLLOWS_SLASHED_SYMLINK 1
| /* end confdefs.h.  */
| #include <stdio.h>
| #ifdef HAVE_SYS_TYPES_H
| # include <sys/types.h>
| #endif
| #ifdef HAVE_SYS_STAT_H
| # include <sys/stat.h>
| #endif
| #ifdef STDC_HEADERS
| # include <stdlib.h>
| # include <stddef.h>
| #else
| # ifdef HAVE_STDLIB_H
| #  include <stdlib.h>
| # endif
| #endif
| #ifdef HAVE_STRING_H
| # if !defined STDC_HEADERS && defined HAVE_MEMORY_H
| #  include <memory.h>
| # endif
| # include <string.h>
| #endif
| #ifdef HAVE_STRINGS_H
| # include <strings.h>
| #endif
| #ifdef HAVE_INTTYPES_H
| # include <inttypes.h>
| #endif
| #ifdef HAVE_STDINT_H
| # include <stdint.h>
| #endif
| #ifdef HAVE_UNISTD_H
| # include <unistd.h>
| #endif
| #include <expat.h>
configure:14639: result: no
configure:14639: checking expat.h presence
configure:14639: gcc -E   conftest.c
conftest.c:44:19: fatal error: expat.h: No such file or directory
 #include <expat.h>
                   ^
compilation terminated.
configure:14639: $? = 1
configure: failed program was:
| /* confdefs.h */
| #define PACKAGE_NAME "matchbox-keyboard"
| #define PACKAGE_TARNAME "matchbox-keyboard"
| #define PACKAGE_VERSION "0.2"
| #define PACKAGE_STRING "matchbox-keyboard 0.2"
| #define PACKAGE_BUGREPORT "tomas@sleepfive.com"
| #define PACKAGE_URL ""
| #define PACKAGE "matchbox-keyboard"
| #define VERSION "0.2"
| #define STDC_HEADERS 1
| #define HAVE_SYS_TYPES_H 1
| #define HAVE_SYS_STAT_H 1
| #define HAVE_STDLIB_H 1
| #define HAVE_STRING_H 1
| #define HAVE_MEMORY_H 1
| #define HAVE_STRINGS_H 1
| #define HAVE_INTTYPES_H 1
| #define HAVE_STDINT_H 1
| #define HAVE_UNISTD_H 1
| #define __EXTENSIONS__ 1
| #define _ALL_SOURCE 1
| #define _GNU_SOURCE 1
| #define _POSIX_PTHREAD_SEMANTICS 1
| #define _TANDEM_SOURCE 1
| #define HAVE_DLFCN_H 1
| #define LT_OBJDIR ".libs/"
| #define HAVE_DIRENT_H 1
| #define STDC_HEADERS 1
| #define TIME_WITH_SYS_TIME 1
| #define HAVE_ALLOCA_H 1
| #define HAVE_ALLOCA 1
| #define HAVE_FORK 1
| #define HAVE_VFORK 1
| #define HAVE_WORKING_VFORK 1
| #define HAVE_WORKING_FORK 1
| #define HAVE_SYS_SELECT_H 1
| #define HAVE_SYS_SOCKET_H 1
| #define SELECT_TYPE_ARG1 int
| #define SELECT_TYPE_ARG234 (fd_set *)
| #define SELECT_TYPE_ARG5 (struct timeval *)
| #define RETSIGTYPE void
| #define LSTAT_FOLLOWS_SLASHED_SYMLINK 1
| /* end confdefs.h.  */
| #include <expat.h>
configure:14639: result: no
configure:14639: checking for expat.h
configure:14639: result: no
configure:14647: checking xmlparse.h usability
configure:14647: gcc -c -g -O2   conftest.c >&5
conftest.c:77:22: fatal error: xmlparse.h: No such file or directory
 #include <xmlparse.h>
                      ^
compilation terminated.
configure:14647: $? = 1
configure: failed program was:
| /* confdefs.h */
| #define PACKAGE_NAME "matchbox-keyboard"
| #define PACKAGE_TARNAME "matchbox-keyboard"
| #define PACKAGE_VERSION "0.2"
| #define PACKAGE_STRING "matchbox-keyboard 0.2"
| #define PACKAGE_BUGREPORT "tomas@sleepfive.com"
| #define PACKAGE_URL ""
| #define PACKAGE "matchbox-keyboard"
| #define VERSION "0.2"
| #define STDC_HEADERS 1
| #define HAVE_SYS_TYPES_H 1
| #define HAVE_SYS_STAT_H 1
| #define HAVE_STDLIB_H 1
| #define HAVE_STRING_H 1
| #define HAVE_MEMORY_H 1
| #define HAVE_STRINGS_H 1
| #define HAVE_INTTYPES_H 1
| #define HAVE_STDINT_H 1
| #define HAVE_UNISTD_H 1
| #define __EXTENSIONS__ 1
| #define _ALL_SOURCE 1
| #define _GNU_SOURCE 1
| #define _POSIX_PTHREAD_SEMANTICS 1
| #define _TANDEM_SOURCE 1
| #define HAVE_DLFCN_H 1
| #define LT_OBJDIR ".libs/"
| #define HAVE_DIRENT_H 1
| #define STDC_HEADERS 1
| #define TIME_WITH_SYS_TIME 1
| #define HAVE_ALLOCA_H 1
| #define HAVE_ALLOCA 1
| #define HAVE_FORK 1
| #define HAVE_VFORK 1
| #define HAVE_WORKING_VFORK 1
| #define HAVE_WORKING_FORK 1
| #define HAVE_SYS_SELECT_H 1
| #define HAVE_SYS_SOCKET_H 1
| #define SELECT_TYPE_ARG1 int
| #define SELECT_TYPE_ARG234 (fd_set *)
| #define SELECT_TYPE_ARG5 (struct timeval *)
| #define RETSIGTYPE void
| #define LSTAT_FOLLOWS_SLASHED_SYMLINK 1
| /* end confdefs.h.  */
| #include <stdio.h>
| #ifdef HAVE_SYS_TYPES_H
| # include <sys/types.h>
| #endif
| #ifdef HAVE_SYS_STAT_H
| # include <sys/stat.h>
| #endif
| #ifdef STDC_HEADERS
| # include <stdlib.h>
| # include <stddef.h>
| #else
| # ifdef HAVE_STDLIB_H
| #  include <stdlib.h>
| # endif
| #endif
| #ifdef HAVE_STRING_H
| # if !defined STDC_HEADERS && defined HAVE_MEMORY_H
| #  include <memory.h>
| # endif
| # include <string.h>
| #endif
| #ifdef HAVE_STRINGS_H
| # include <strings.h>
| #endif
| #ifdef HAVE_INTTYPES_H
| # include <inttypes.h>
| #endif
| #ifdef HAVE_STDINT_H
| # include <stdint.h>
| #endif
| #ifdef HAVE_UNISTD_H
| # include <unistd.h>
| #endif
| #include <xmlparse.h>
configure:14647: result: no
configure:14647: checking xmlparse.h presence
configure:14647: gcc -E   conftest.c
conftest.c:44:22: fatal error: xmlparse.h: No such file or directory
 #include <xmlparse.h>
                      ^
compilation terminated.
configure:14647: $? = 1
configure: failed program was:
| /* confdefs.h */
| #define PACKAGE_NAME "matchbox-keyboard"
| #define PACKAGE_TARNAME "matchbox-keyboard"
| #define PACKAGE_VERSION "0.2"
| #define PACKAGE_STRING "matchbox-keyboard 0.2"
| #define PACKAGE_BUGREPORT "tomas@sleepfive.com"
| #define PACKAGE_URL ""
| #define PACKAGE "matchbox-keyboard"
| #define VERSION "0.2"
| #define STDC_HEADERS 1
| #define HAVE_SYS_TYPES_H 1
| #define HAVE_SYS_STAT_H 1
| #define HAVE_STDLIB_H 1
| #define HAVE_STRING_H 1
| #define HAVE_MEMORY_H 1
| #define HAVE_STRINGS_H 1
| #define HAVE_INTTYPES_H 1
| #define HAVE_STDINT_H 1
| #define HAVE_UNISTD_H 1
| #define __EXTENSIONS__ 1
| #define _ALL_SOURCE 1
| #define _GNU_SOURCE 1
| #define _POSIX_PTHREAD_SEMANTICS 1
| #define _TANDEM_SOURCE 1
| #define HAVE_DLFCN_H 1
| #define LT_OBJDIR ".libs/"
| #define HAVE_DIRENT_H 1
| #define STDC_HEADERS 1
| #define TIME_WITH_SYS_TIME 1
| #define HAVE_ALLOCA_H 1
| #define HAVE_ALLOCA 1
| #define HAVE_FORK 1
| #define HAVE_VFORK 1
| #define HAVE_WORKING_VFORK 1
| #define HAVE_WORKING_FORK 1
| #define HAVE_SYS_SELECT_H 1
| #define HAVE_SYS_SOCKET_H 1
| #define SELECT_TYPE_ARG1 int
| #define SELECT_TYPE_ARG234 (fd_set *)
| #define SELECT_TYPE_ARG5 (struct timeval *)
| #define RETSIGTYPE void
| #define LSTAT_FOLLOWS_SLASHED_SYMLINK 1
| /* end confdefs.h.  */
| #include <xmlparse.h>
configure:14647: result: no
configure:14647: checking for xmlparse.h
configure:14647: result: no
configure:14713: error: cannot find expat library

## ---------------- ##
## Cache variables. ##
## ---------------- ##

ac_cv_build=x86_64-pc-linux-gnu
ac_cv_c_compiler_gnu=yes
ac_cv_c_const=yes
ac_cv_env_APPLET_CFLAGS_set=
ac_cv_env_APPLET_CFLAGS_value=
ac_cv_env_APPLET_LIBS_set=
ac_cv_env_APPLET_LIBS_value=
ac_cv_env_CAIRO_CFLAGS_set=
ac_cv_env_CAIRO_CFLAGS_value=
ac_cv_env_CAIRO_LIBS_set=
ac_cv_env_CAIRO_LIBS_value=
ac_cv_env_CC_set=
ac_cv_env_CC_value=
ac_cv_env_CFLAGS_set=
ac_cv_env_CFLAGS_value=
ac_cv_env_CPPFLAGS_set=
ac_cv_env_CPPFLAGS_value=
ac_cv_env_CPP_set=
ac_cv_env_CPP_value=
ac_cv_env_FAKEKEY_CFLAGS_set=
ac_cv_env_FAKEKEY_CFLAGS_value=
ac_cv_env_FAKEKEY_LIBS_set=
ac_cv_env_FAKEKEY_LIBS_value=
ac_cv_env_GTK2_CFLAGS_set=
ac_cv_env_GTK2_CFLAGS_value=
ac_cv_env_GTK2_LIBS_set=
ac_cv_env_GTK2_LIBS_value=
ac_cv_env_LDFLAGS_set=
ac_cv_env_LDFLAGS_value=
ac_cv_env_LIBS_set=
ac_cv_env_LIBS_value=
ac_cv_env_LT_SYS_LIBRARY_PATH_set=
ac_cv_env_LT_SYS_LIBRARY_PATH_value=
ac_cv_env_PKG_CONFIG_LIBDIR_set=
ac_cv_env_PKG_CONFIG_LIBDIR_value=
ac_cv_env_PKG_CONFIG_PATH_set=
ac_cv_env_PKG_CONFIG_PATH_value=
ac_cv_env_PKG_CONFIG_set=
ac_cv_env_PKG_CONFIG_value=
ac_cv_env_XFT_CFLAGS_set=
ac_cv_env_XFT_CFLAGS_value=
ac_cv_env_XFT_LIBS_set=
ac_cv_env_XFT_LIBS_value=
ac_cv_env_build_alias_set=
ac_cv_env_build_alias_value=
ac_cv_env_host_alias_set=
ac_cv_env_host_alias_value=
ac_cv_env_target_alias_set=
ac_cv_env_target_alias_value=
ac_cv_func_alloca_works=yes
ac_cv_func_closedir_void=no
ac_cv_func_fork=yes
ac_cv_func_fork_works=yes
ac_cv_func_lstat_dereferences_slashed_symlink=yes
ac_cv_func_select_args='int,fd_set *,struct timeval *'
ac_cv_func_stat_empty_string_bug=no
ac_cv_func_vfork=yes
ac_cv_func_vfork_works=yes
ac_cv_header_dirent_dirent_h=yes
ac_cv_header_dlfcn_h=yes
ac_cv_header_expat_h=no
ac_cv_header_inttypes_h=yes
ac_cv_header_memory_h=yes
ac_cv_header_minix_config_h=no
ac_cv_header_stdc=yes
ac_cv_header_stdint_h=yes
ac_cv_header_stdlib_h=yes
ac_cv_header_string_h=yes
ac_cv_header_strings_h=yes
ac_cv_header_sys_select_h=yes
ac_cv_header_sys_socket_h=yes
ac_cv_header_sys_stat_h=yes
ac_cv_header_sys_types_h=yes
ac_cv_header_time=yes
ac_cv_header_unistd_h=yes
ac_cv_header_vfork_h=no
ac_cv_header_xmlparse_h=no
ac_cv_host=x86_64-pc-linux-gnu
ac_cv_objext=o
ac_cv_path_EGREP='/bin/grep -E'
ac_cv_path_FGREP='/bin/grep -F'
ac_cv_path_GREP=/bin/grep
ac_cv_path_SED=/bin/sed
ac_cv_path_ac_pt_PKG_CONFIG=/Devlab/broot/output/host/usr/bin/pkg-config
ac_cv_path_install='/usr/bin/install -c'
ac_cv_path_lt_DD=/bin/dd
ac_cv_path_mkdir=/bin/mkdir
ac_cv_prog_AWK=gawk
ac_cv_prog_CPP='gcc -E'
ac_cv_prog_ac_ct_AR=ar
ac_cv_prog_ac_ct_CC=gcc
ac_cv_prog_ac_ct_MANIFEST_TOOL=mt
ac_cv_prog_ac_ct_OBJDUMP=objdump
ac_cv_prog_ac_ct_RANLIB=ranlib
ac_cv_prog_ac_ct_STRIP=strip
ac_cv_prog_cc_c89=
ac_cv_prog_cc_g=yes
ac_cv_prog_make_make_set=yes
ac_cv_safe_to_define___extensions__=yes
ac_cv_search_opendir='none required'
ac_cv_type_pid_t=yes
ac_cv_type_signal=void
ac_cv_type_size_t=yes
ac_cv_working_alloca_h=yes
am_cv_CC_dependencies_compiler_type=gcc3
am_cv_make_support_nested_variables=yes
am_cv_prog_cc_c_o=yes
lt_cv_ar_at_file=@
lt_cv_archive_cmds_need_lc=no
lt_cv_deplibs_check_method=pass_all
lt_cv_file_magic_cmd='$MAGIC_CMD'
lt_cv_file_magic_test_file=
lt_cv_ld_reload_flag=-r
lt_cv_nm_interface='BSD nm'
lt_cv_objdir=.libs
lt_cv_path_LD=/usr/bin/ld
lt_cv_path_NM='/usr/bin/nm -B'
lt_cv_path_mainfest_tool=no
lt_cv_prog_compiler_c_o=yes
lt_cv_prog_compiler_pic='-fPIC -DPIC'
lt_cv_prog_compiler_pic_works=yes
lt_cv_prog_compiler_rtti_exceptions=no
lt_cv_prog_compiler_static_works=yes
lt_cv_prog_gnu_ld=yes
lt_cv_sharedlib_from_linklib_cmd='printf %s\n'
lt_cv_shlibpath_overrides_runpath=no
lt_cv_sys_global_symbol_pipe='sed -n -e '\''s/^.*[	 ]\([ABCDGIRSTW][ABCDGIRSTW]*\)[	 ][	 ]*\([_A-Za-z][_A-Za-z0-9]*\)$/\1 \2 \2/p'\'' | sed '\''/ __gnu_lto/d'\'''
lt_cv_sys_global_symbol_to_c_name_address='sed -n -e '\''s/^: \(.*\) .*$/  {"\1", (void *) 0},/p'\'' -e '\''s/^[ABCDGIRSTW][ABCDGIRSTW]* .* \(.*\)$/  {"\1", (void *) \&\1},/p'\'''
lt_cv_sys_global_symbol_to_c_name_address_lib_prefix='sed -n -e '\''s/^: \(.*\) .*$/  {"\1", (void *) 0},/p'\'' -e '\''s/^[ABCDGIRSTW][ABCDGIRSTW]* .* \(lib.*\)$/  {"\1", (void *) \&\1},/p'\'' -e '\''s/^[ABCDGIRSTW][ABCDGIRSTW]* .* \(.*\)$/  {"lib\1", (void *) \&\1},/p'\'''
lt_cv_sys_global_symbol_to_cdecl='sed -n -e '\''s/^T .* \(.*\)$/extern int \1();/p'\'' -e '\''s/^[ABCDGIRSTW][ABCDGIRSTW]* .* \(.*\)$/extern char \1;/p'\'''
lt_cv_sys_global_symbol_to_import=
lt_cv_sys_max_cmd_len=1572864
lt_cv_to_host_file_cmd=func_convert_file_noop
lt_cv_to_tool_file_cmd=func_convert_file_noop
lt_cv_truncate_bin='/bin/dd bs=4096 count=1'
pkg_cv_FAKEKEY_CFLAGS='-I/Devlab/broot/output/host/usr/aarch64-buildroot-linux-gnu/sysroot/usr/include  '
pkg_cv_FAKEKEY_LIBS='-L/Devlab/broot/output/host/usr/aarch64-buildroot-linux-gnu/sysroot/usr/lib -lX11 -lXtst  -lfakekey  '
pkg_cv_XFT_CFLAGS='-I/Devlab/broot/output/host/usr/aarch64-buildroot-linux-gnu/sysroot/usr/include -I/Devlab/broot/output/host/usr/aarch64-buildroot-linux-gnu/sysroot/usr/include/freetype2   '
pkg_cv_XFT_LIBS='-L/Devlab/broot/output/host/usr/aarch64-buildroot-linux-gnu/sysroot/usr/lib -lXft -lXrender -lX11  '

## ----------------- ##
## Output variables. ##
## ----------------- ##

ACLOCAL='${SHELL} /Devlab/module/missing aclocal-1.15'
ALLOCA=''
AMDEPBACKSLASH='\'
AMDEP_FALSE='#'
AMDEP_TRUE=''
AMTAR='$${TAR-tar}'
AM_BACKSLASH='\'
AM_DEFAULT_V='$(AM_DEFAULT_VERBOSITY)'
AM_DEFAULT_VERBOSITY='1'
AM_V='$(V)'
APPLET_CFLAGS=''
APPLET_LIBS=''
AR='ar'
AUTOCONF='${SHELL} /Devlab/module/missing autoconf'
AUTOHEADER='${SHELL} /Devlab/module/missing autoheader'
AUTOMAKE='${SHELL} /Devlab/module/missing automake-1.15'
AWK='gawk'
CAIRO_CFLAGS=''
CAIRO_LIBS=''
CC='gcc'
CCDEPMODE='depmode=gcc3'
CFLAGS='-g -O2'
CPP='gcc -E'
CPPFLAGS=''
CYGPATH_W='echo'
DEFS=''
DEPDIR='.deps'
DLLTOOL='false'
DSYMUTIL=''
DUMPBIN=''
ECHO_C=''
ECHO_N='-n'
ECHO_T=''
EGREP='/bin/grep -E'
EXEEXT=''
EXPAT_CFLAGS=''
EXPAT_LIBS='-lexpat'
FAKEKEY_CFLAGS='-I/Devlab/broot/output/host/usr/aarch64-buildroot-linux-gnu/sysroot/usr/include  '
FAKEKEY_LIBS='-L/Devlab/broot/output/host/usr/aarch64-buildroot-linux-gnu/sysroot/usr/lib -lX11 -lXtst  -lfakekey  '
FGREP='/bin/grep -F'
GREP='/bin/grep'
GTK2_CFLAGS=''
GTK2_LIBS=''
GTK_VERSION=''
HAVE_EXPAT=''
HAVE_XMLPARSE_H=''
INSTALL_DATA='${INSTALL} -m 644'
INSTALL_PROGRAM='${INSTALL}'
INSTALL_SCRIPT='${INSTALL}'
INSTALL_STRIP_PROGRAM='$(install_sh) -c -s'
LD='/usr/bin/ld -m elf_x86_64'
LDFLAGS=''
LIBOBJS=''
LIBRARY_EXTRA_CFLAGS=''
LIBRARY_EXTRA_LIBS=''
LIBRARY_REQUIRES='libfakekey xft xrender'
LIBS=''
LIBTOOL='$(SHELL) $(top_builddir)/libtool'
LIPO=''
LN_S='ln -s'
LTLIBOBJS=''
LT_SYS_LIBRARY_PATH=''
MAKEINFO='${SHELL} /Devlab/module/missing makeinfo'
MANIFEST_TOOL=':'
MKDIR_P='/bin/mkdir -p'
NM='/usr/bin/nm -B'
NMEDIT=''
OBJDUMP='objdump'
OBJEXT='o'
OTOOL64=''
OTOOL=''
PACKAGE='matchbox-keyboard'
PACKAGE_BUGREPORT='tomas@sleepfive.com'
PACKAGE_NAME='matchbox-keyboard'
PACKAGE_STRING='matchbox-keyboard 0.2'
PACKAGE_TARNAME='matchbox-keyboard'
PACKAGE_URL=''
PACKAGE_VERSION='0.2'
PATH_SEPARATOR=':'
PKG_CONFIG='/Devlab/broot/output/host/usr/bin/pkg-config'
PKG_CONFIG_LIBDIR=''
PKG_CONFIG_PATH=''
PNG_CFLAGS=''
PNG_LIBS=''
RANLIB='ranlib'
SED='/bin/sed'
SET_MAKE=''
SHELL='/bin/bash'
STRIP='strip'
VERSION='0.2'
WANT_APPLET_FALSE=''
WANT_APPLET_TRUE='#'
WANT_CAIRO_FALSE=''
WANT_CAIRO_TRUE='#'
WANT_EXAMPLES_FALSE=''
WANT_EXAMPLES_TRUE='#'
WANT_GTK_WIDGET_FALSE=''
WANT_GTK_WIDGET_TRUE='#'
WANT_IM_FALSE=''
WANT_IM_TRUE='#'
XFT_CFLAGS='-I/Devlab/broot/output/host/usr/aarch64-buildroot-linux-gnu/sysroot/usr/include -I/Devlab/broot/output/host/usr/aarch64-buildroot-linux-gnu/sysroot/usr/include/freetype2   '
XFT_LIBS='-L/Devlab/broot/output/host/usr/aarch64-buildroot-linux-gnu/sysroot/usr/lib -lXft -lXrender -lX11  '
ac_ct_AR='ar'
ac_ct_CC='gcc'
ac_ct_DUMPBIN=''
am__EXEEXT_FALSE=''
am__EXEEXT_TRUE=''
am__fastdepCC_FALSE='#'
am__fastdepCC_TRUE=''
am__include='include'
am__isrc=''
am__leading_dot='.'
am__nodep='_no'
am__quote=''
am__tar='$${TAR-tar} chof - "$$tardir"'
am__untar='$${TAR-tar} xf -'
bindir='${exec_prefix}/bin'
build='x86_64-pc-linux-gnu'
build_alias=''
build_cpu='x86_64'
build_os='linux-gnu'
build_vendor='pc'
datadir='${datarootdir}'
datarootdir='${prefix}/share'
docdir='${datarootdir}/doc/${PACKAGE_TARNAME}'
dvidir='${docdir}'
exec_prefix='NONE'
host='x86_64-pc-linux-gnu'
host_alias=''
host_cpu='x86_64'
host_os='linux-gnu'
host_vendor='pc'
htmldir='${docdir}'
includedir='${prefix}/include'
infodir='${datarootdir}/info'
install_sh='${SHELL} /Devlab/module/install-sh'
libdir='${exec_prefix}/lib'
libexecdir='${exec_prefix}/libexec'
localedir='${datarootdir}/locale'
localstatedir='${prefix}/var'
mandir='${datarootdir}/man'
mkdir_p='$(MKDIR_P)'
oldincludedir='/usr/include'
pdfdir='${docdir}'
prefix='NONE'
program_transform_name='s,x,x,'
psdir='${docdir}'
sbindir='${exec_prefix}/sbin'
sharedstatedir='${prefix}/com'
sysconfdir='${prefix}/etc'
target_alias=''

## ----------- ##
## confdefs.h. ##
## ----------- ##

/* confdefs.h */
#define PACKAGE_NAME "matchbox-keyboard"
#define PACKAGE_TARNAME "matchbox-keyboard"
#define PACKAGE_VERSION "0.2"
#define PACKAGE_STRING "matchbox-keyboard 0.2"
#define PACKAGE_BUGREPORT "tomas@sleepfive.com"
#define PACKAGE_URL ""
#define PACKAGE "matchbox-keyboard"
#define VERSION "0.2"
#define STDC_HEADERS 1
#define HAVE_SYS_TYPES_H 1
#define HAVE_SYS_STAT_H 1
#define HAVE_STDLIB_H 1
#define HAVE_STRING_H 1
#define HAVE_MEMORY_H 1
#define HAVE_STRINGS_H 1
#define HAVE_INTTYPES_H 1
#define HAVE_STDINT_H 1
#define HAVE_UNISTD_H 1
#define __EXTENSIONS__ 1
#define _ALL_SOURCE 1
#define _GNU_SOURCE 1
#define _POSIX_PTHREAD_SEMANTICS 1
#define _TANDEM_SOURCE 1
#define HAVE_DLFCN_H 1
#define LT_OBJDIR ".libs/"
#define HAVE_DIRENT_H 1
#define STDC_HEADERS 1
#define TIME_WITH_SYS_TIME 1
#define HAVE_ALLOCA_H 1
#define HAVE_ALLOCA 1
#define HAVE_FORK 1
#define HAVE_VFORK 1
#define HAVE_WORKING_VFORK 1
#define HAVE_WORKING_FORK 1
#define HAVE_SYS_SELECT_H 1
#define HAVE_SYS_SOCKET_H 1
#define SELECT_TYPE_ARG1 int
#define SELECT_TYPE_ARG234 (fd_set *)
#define SELECT_TYPE_ARG5 (struct timeval *)
#define RETSIGTYPE void
#define LSTAT_FOLLOWS_SLASHED_SYMLINK 1

configure: exit 1
